  main.cpp
C:\Users\zetas\Desktop\COMP371-Shading-2\Assignment1\Assignment1\src\main\main.cpp(22,44): warning C4305: 'initializing': truncation from 'double' to 'float'
C:\Users\zetas\Desktop\COMP371-Shading-2\Assignment1\Assignment1\src\main\main.cpp(402,3): warning C4551: function call missing argument list
C:\Users\zetas\Desktop\COMP371-Shading-2\Assignment1\Assignment1\src\main\main.cpp(584,22): warning C4244: 'initializing': conversion from 'double' to 'float', possible loss of data
C:\Users\zetas\Desktop\COMP371-Shading-2\Assignment1\Assignment1\src\main\main.cpp(754,56): warning C4305: 'argument': truncation from 'double' to 'float'
C:\Users\zetas\Desktop\COMP371-Shading-2\Assignment1\Assignment1\src\main\main.cpp(782,56): warning C4305: 'argument': truncation from 'double' to 'float'
C:\Users\zetas\Desktop\COMP371-Shading-2\Assignment1\Assignment1\src\main\main.cpp(819,20): warning C4244: 'initializing': conversion from 'double' to 'float', possible loss of data
C:\Users\zetas\Desktop\COMP371-Shading-2\Assignment1\Assignment1\src\main\main.cpp(923,20): warning C4244: '=': conversion from 'double' to 'float', possible loss of data
C:\Users\zetas\Desktop\COMP371-Shading-2\Assignment1\Assignment1\src\main\main.cpp(1007,11): warning C4244: '=': conversion from 'double' to 'float', possible loss of data
C:\Users\zetas\Desktop\COMP371-Shading-2\Assignment1\Assignment1\src\main\main.cpp(1008,11): warning C4244: '=': conversion from 'double' to 'float', possible loss of data
C:\Users\zetas\Desktop\COMP371-Shading-2\Assignment1\Assignment1\src\main\main.cpp(1012,16): warning C4244: 'initializing': conversion from 'double' to 'float', possible loss of data
C:\Users\zetas\Desktop\COMP371-Shading-2\Assignment1\Assignment1\src\main\main.cpp(1013,16): warning C4244: 'initializing': conversion from 'double' to 'float', possible loss of data
C:\Users\zetas\Desktop\COMP371-Shading-2\Assignment1\Assignment1\src\main\main.cpp(1014,10): warning C4244: '=': conversion from 'double' to 'float', possible loss of data
C:\Users\zetas\Desktop\COMP371-Shading-2\Assignment1\Assignment1\src\main\main.cpp(1015,10): warning C4244: '=': conversion from 'double' to 'float', possible loss of data
C:\Users\zetas\Desktop\COMP371-Shading-2\Assignment1\Assignment1\src\main\main.cpp(1050,29): warning C4244: 'argument': conversion from 'double' to 'float', possible loss of data
C:\Users\zetas\Desktop\COMP371-Shading-2\Assignment1\Assignment1\src\main\main.cpp(1053,30): warning C4244: 'argument': conversion from 'double' to 'float', possible loss of data
C:\Users\zetas\Desktop\COMP371-Shading-2\Assignment1\Assignment1\src\main\main.cpp(1064,38): warning C4244: '+=': conversion from 'double' to 'float', possible loss of data
C:\Users\zetas\Desktop\COMP371-Shading-2\Assignment1\Assignment1\src\main\main.cpp(1075,25): warning C4244: '=': conversion from 'int' to 'float', possible loss of data
C:\Users\zetas\Desktop\COMP371-Shading-2\Assignment1\Assignment1\src\main\main.cpp(1076,25): warning C4244: '=': conversion from 'int' to 'float', possible loss of data
C:\Users\zetas\Desktop\COMP371-Shading-2\Assignment1\Assignment1\src\main\main.cpp(1110,9): warning C4553: '==': result of expression not used; did you intend '='?
  Assignment1.vcxproj -> C:\Users\zetas\Desktop\COMP371-Shading-2\Assignment1\Debug\Assignment1.exe
